<?xml version="1.0" encoding="UTF-8"?>
<robot generator="Robot 3.1.2 (Python 3.6.9 on linux)" generated="20200419 19:39:22.463" rpa="false">
<suite id="s1" name="Logintest" source="/home/chetan/PycharmProjects/RobotAutomation/Testcases/logintest">
<suite id="s1-s1" name="Tc002" source="/home/chetan/PycharmProjects/RobotAutomation/Testcases/logintest/tc002.robot">
<test id="s1-s1-t1" name="TC_002 Browser Start and Close">
<kw name="Start Browser and Maximize" library="resource1" type="setup">
<arguments>
<arg>http://www.thetestingworld.com/testings</arg>
</arguments>
<kw name="Create Webdriver" library="SeleniumLibrary">
<doc>Creates an instance of Selenium WebDriver.</doc>
<arguments>
<arg>Chrome</arg>
<arg>executable_path=/home/chetan/PycharmProjects/RobotAutomation/Testcases/chromedriver</arg>
</arguments>
<msg timestamp="20200419 19:39:22.650" level="INFO">Creating an instance of the Chrome WebDriver.</msg>
<status status="PASS" starttime="20200419 19:39:22.650" endtime="20200419 19:39:23.195"></status>
</kw>
<kw name="Go To" library="SeleniumLibrary">
<doc>Navigates the current browser window to the provided ``url``.</doc>
<arguments>
<arg>${URL}</arg>
</arguments>
<msg timestamp="20200419 19:39:23.196" level="INFO">Opening url 'http://www.thetestingworld.com/testings'</msg>
<status status="PASS" starttime="20200419 19:39:23.195" endtime="20200419 19:39:27.292"></status>
</kw>
<kw name="Maximize Browser Window" library="SeleniumLibrary">
<doc>Maximizes current browser window.</doc>
<status status="PASS" starttime="20200419 19:39:27.292" endtime="20200419 19:39:27.402"></status>
</kw>
<kw name="Get Title" library="SeleniumLibrary">
<doc>Returns the title of the current page.</doc>
<assign>
<var>${Title}</var>
</assign>
<msg timestamp="20200419 19:39:27.422" level="INFO">${Title} = Login &amp; Sign Up Forms</msg>
<status status="PASS" starttime="20200419 19:39:27.403" endtime="20200419 19:39:27.422"></status>
</kw>
<status status="PASS" starttime="20200419 19:39:22.649" endtime="20200419 19:39:27.423"></status>
</kw>
<kw name="Enter Username Email">
<tags>
<tag>sanity</tag>
</tags>
<doc>this is keyword releated to registration</doc>
<arguments>
<arg>TestingWorld</arg>
<arg>testingworldindia@gmail.com</arg>
</arguments>
<kw name="Input Text" library="SeleniumLibrary">
<doc>Types the given ``text`` into the text field identified by ``locator``.</doc>
<arguments>
<arg>name=fld_username</arg>
<arg>${username}</arg>
</arguments>
<msg timestamp="20200419 19:39:27.426" level="INFO">Typing text 'TestingWorld' into text field 'name=fld_username'.</msg>
<status status="PASS" starttime="20200419 19:39:27.425" endtime="20200419 19:39:27.759"></status>
</kw>
<kw name="Input Text" library="SeleniumLibrary">
<doc>Types the given ``text`` into the text field identified by ``locator``.</doc>
<arguments>
<arg>xpath://input[@name='fld_email']</arg>
<arg>${email}</arg>
</arguments>
<msg timestamp="20200419 19:39:27.759" level="INFO">Typing text 'testingworldindia@gmail.com' into text field 'xpath://input[@name='fld_email']'.</msg>
<status status="PASS" starttime="20200419 19:39:27.759" endtime="20200419 19:39:28.062"></status>
</kw>
<status status="PASS" starttime="20200419 19:39:27.424" endtime="20200419 19:39:28.063"></status>
</kw>
<kw name="Select Radio Button" library="SeleniumLibrary">
<doc>Sets the radio button group ``group_name`` to ``value``.</doc>
<arguments>
<arg>add_type</arg>
<arg>office</arg>
</arguments>
<msg timestamp="20200419 19:39:28.064" level="INFO">Selecting 'office' from radio button 'add_type'.</msg>
<status status="PASS" starttime="20200419 19:39:28.064" endtime="20200419 19:39:28.177"></status>
</kw>
<kw name="Select Checkbox" library="SeleniumLibrary">
<doc>Selects the checkbox identified by ``locator``.</doc>
<arguments>
<arg>name:terms</arg>
</arguments>
<msg timestamp="20200419 19:39:28.177" level="INFO">Selecting checkbox 'name:terms'.</msg>
<status status="PASS" starttime="20200419 19:39:28.177" endtime="20200419 19:39:28.306"></status>
</kw>
<kw name="Select From List By Index" library="SeleniumLibrary">
<doc>Selects options from selection list ``locator`` by ``indexes``.</doc>
<arguments>
<arg>name:sex</arg>
<arg>2</arg>
</arguments>
<msg timestamp="20200419 19:39:28.306" level="INFO">Selecting options from selection list 'name:sex' by index 2.</msg>
<status status="PASS" starttime="20200419 19:39:28.306" endtime="20200419 19:39:28.435"></status>
</kw>
<kw name="Click Link" library="SeleniumLibrary">
<doc>Clicks a link identified by ``locator``.</doc>
<arguments>
<arg>xpath://a[text()='Read Detail']</arg>
</arguments>
<msg timestamp="20200419 19:39:28.437" level="INFO">Clicking link 'xpath://a[text()='Read Detail']'.</msg>
<status status="PASS" starttime="20200419 19:39:28.436" endtime="20200419 19:39:28.530"></status>
</kw>
<kw name="Closed Browser" library="resource1" type="teardown">
<kw name="Close Browser" library="SeleniumLibrary">
<doc>Closes the current browser.</doc>
<status status="PASS" starttime="20200419 19:39:28.531" endtime="20200419 19:39:28.591"></status>
</kw>
<status status="PASS" starttime="20200419 19:39:28.531" endtime="20200419 19:39:28.591"></status>
</kw>
<tags>
<tag>smoke</tag>
</tags>
<status status="PASS" starttime="20200419 19:39:22.648" endtime="20200419 19:39:28.591" critical="yes"></status>
</test>
<status status="PASS" starttime="20200419 19:39:22.493" endtime="20200419 19:39:28.593"></status>
</suite>
<status status="PASS" starttime="20200419 19:39:22.464" endtime="20200419 19:39:28.595"></status>
</suite>
<statistics>
<total>
<stat pass="1" fail="0">Critical Tests</stat>
<stat pass="1" fail="0">All Tests</stat>
</total>
<tag>
<stat pass="1" fail="0">smoke</stat>
</tag>
<suite>
<stat pass="1" fail="0" id="s1" name="Logintest">Logintest</stat>
<stat pass="1" fail="0" id="s1-s1" name="Tc002">Logintest.Tc002</stat>
</suite>
</statistics>
<errors>
<msg timestamp="20200419 19:39:22.644" level="ERROR">Error in file '/home/chetan/PycharmProjects/RobotAutomation/Testcases/logintest/tc002.robot': Resource file '../Resources/resource1.robot' does not exist.</msg>
</errors>
</robot>
